\BOOKMARK [1][-]{section.1}{\376\377\000D\000o\000c\000u\000m\000e\000n\000t\000\040\000O\000v\000e\000r\000v\000i\000e\000w}{}% 1
\BOOKMARK [2][-]{subsection.1.1}{\376\377\000D\000o\000c\000u\000m\000e\000n\000t\000\040\000P\000u\000r\000p\000o\000s\000e}{section.1}% 2
\BOOKMARK [2][-]{subsection.1.2}{\376\377\000P\000r\000o\000j\000e\000c\000t\000\040\000B\000a\000c\000k\000g\000r\000o\000u\000n\000d}{section.1}% 3
\BOOKMARK [2][-]{subsection.1.3}{\376\377\000T\000a\000r\000g\000e\000t\000\040\000A\000u\000d\000i\000e\000n\000c\000e}{section.1}% 4
\BOOKMARK [2][-]{subsection.1.4}{\376\377\000R\000e\000f\000e\000r\000e\000n\000c\000e\000s}{section.1}% 5
\BOOKMARK [1][-]{section.2}{\376\377\000S\000y\000s\000t\000e\000m\000\040\000O\000v\000e\000r\000v\000i\000e\000w}{}% 6
\BOOKMARK [2][-]{subsection.2.1}{\376\377\000S\000y\000s\000t\000e\000m\000\040\000O\000b\000j\000e\000c\000t\000i\000v\000e\000s}{section.2}% 7
\BOOKMARK [2][-]{subsection.2.2}{\376\377\000S\000y\000s\000t\000e\000m\000\040\000S\000c\000o\000p\000e}{section.2}% 8
\BOOKMARK [2][-]{subsection.2.3}{\376\377\000S\000y\000s\000t\000e\000m\000\040\000A\000r\000c\000h\000i\000t\000e\000c\000t\000u\000r\000e\000\040\000O\000v\000e\000r\000v\000i\000e\000w}{section.2}% 9
\BOOKMARK [1][-]{section.3}{\376\377\000U\000s\000e\000r\000\040\000R\000e\000q\000u\000i\000r\000e\000m\000e\000n\000t\000s}{}% 10
\BOOKMARK [2][-]{subsection.3.1}{\376\377\000U\000s\000e\000r\000\040\000R\000o\000l\000e\000\040\000D\000e\000f\000i\000n\000i\000t\000i\000o\000n}{section.3}% 11
\BOOKMARK [2][-]{subsection.3.2}{\376\377\000U\000s\000e\000r\000\040\000S\000c\000e\000n\000a\000r\000i\000o\000s}{section.3}% 12
\BOOKMARK [1][-]{section.4}{\376\377\000F\000u\000n\000c\000t\000i\000o\000n\000a\000l\000\040\000R\000e\000q\000u\000i\000r\000e\000m\000e\000n\000t\000s}{}% 13
\BOOKMARK [2][-]{subsection.4.1}{\376\377\000U\000I\000\040\000G\000r\000o\000u\000p\000\040\000F\000u\000n\000c\000t\000i\000o\000n\000a\000l\000\040\000R\000e\000q\000u\000i\000r\000e\000m\000e\000n\000t\000s}{section.4}% 14
\BOOKMARK [2][-]{subsection.4.2}{\376\377\000S\000y\000s\000t\000e\000m\000\040\000G\000r\000o\000u\000p\000\040\000F\000u\000n\000c\000t\000i\000o\000n\000a\000l\000\040\000R\000e\000q\000u\000i\000r\000e\000m\000e\000n\000t\000s}{section.4}% 15
\BOOKMARK [2][-]{subsection.4.3}{\376\377\000D\000a\000t\000a\000\040\000G\000r\000o\000u\000p\000\040\000F\000u\000n\000c\000t\000i\000o\000n\000a\000l\000\040\000R\000e\000q\000u\000i\000r\000e\000m\000e\000n\000t\000s}{section.4}% 16
\BOOKMARK [2][-]{subsection.4.4}{\376\377\000A\000n\000a\000l\000y\000s\000i\000s\000\040\000G\000r\000o\000u\000p\000\040\000F\000u\000n\000c\000t\000i\000o\000n\000a\000l\000\040\000R\000e\000q\000u\000i\000r\000e\000m\000e\000n\000t\000s}{section.4}% 17
\BOOKMARK [1][-]{section.5}{\376\377\000N\000o\000n\000-\000f\000u\000n\000c\000t\000i\000o\000n\000a\000l\000\040\000R\000e\000q\000u\000i\000r\000e\000m\000e\000n\000t\000s}{}% 18
\BOOKMARK [2][-]{subsection.5.1}{\376\377\000P\000e\000r\000f\000o\000r\000m\000a\000n\000c\000e\000\040\000R\000e\000q\000u\000i\000r\000e\000m\000e\000n\000t\000s}{section.5}% 19
\BOOKMARK [2][-]{subsection.5.2}{\376\377\000R\000e\000l\000i\000a\000b\000i\000l\000i\000t\000y\000\040\000R\000e\000q\000u\000i\000r\000e\000m\000e\000n\000t\000s}{section.5}% 20
\BOOKMARK [2][-]{subsection.5.3}{\376\377\000S\000e\000c\000u\000r\000i\000t\000y\000\040\000R\000e\000q\000u\000i\000r\000e\000m\000e\000n\000t\000s}{section.5}% 21
\BOOKMARK [2][-]{subsection.5.4}{\376\377\000M\000a\000i\000n\000t\000a\000i\000n\000a\000b\000i\000l\000i\000t\000y\000\040\000R\000e\000q\000u\000i\000r\000e\000m\000e\000n\000t\000s}{section.5}% 22
\BOOKMARK [1][-]{section.6}{\376\377\000U\000s\000e\000\040\000C\000a\000s\000e\000\040\000A\000n\000a\000l\000y\000s\000i\000s}{}% 23
\BOOKMARK [2][-]{subsection.6.1}{\376\377\000S\000y\000s\000t\000e\000m\000\040\000G\000r\000o\000u\000p\000\040\000U\000s\000e\000\040\000C\000a\000s\000e\000\040\000O\000v\000e\000r\000v\000i\000e\000w}{section.6}% 24
\BOOKMARK [2][-]{subsection.6.2}{\376\377\000S\000y\000s\000t\000e\000m\000\040\000G\000r\000o\000u\000p\000\040\000U\000s\000e\000\040\000C\000a\000s\000e\000\040\000A\000n\000a\000l\000y\000s\000i\000s}{section.6}% 25
\BOOKMARK [3][-]{subsubsection.6.2.1}{\376\377\000B\000u\000i\000l\000d\000\040\000a\000n\000d\000\040\000D\000e\000p\000l\000o\000y\000m\000e\000n\000t\000\040\000P\000r\000o\000c\000e\000s\000s}{subsection.6.2}% 26
\BOOKMARK [3][-]{subsubsection.6.2.2}{\376\377\000I\000n\000t\000e\000g\000r\000a\000t\000e\000\040\000T\000h\000i\000r\000d\000-\000p\000a\000r\000t\000y\000\040\000S\000e\000r\000v\000i\000c\000e\000s}{subsection.6.2}% 27
\BOOKMARK [3][-]{subsubsection.6.2.3}{\376\377\000C\000o\000l\000l\000a\000b\000o\000r\000a\000t\000i\000v\000e\000\040\000D\000a\000t\000a\000b\000a\000s\000e\000\040\000D\000e\000v\000e\000l\000o\000p\000m\000e\000n\000t}{subsection.6.2}% 28
\BOOKMARK [3][-]{subsubsection.6.2.4}{\376\377\000A\000P\000I\000\040\000D\000e\000s\000i\000g\000n\000\040\000a\000n\000d\000\040\000I\000m\000p\000l\000e\000m\000e\000n\000t\000a\000t\000i\000o\000n}{subsection.6.2}% 29
\BOOKMARK [3][-]{subsubsection.6.2.5}{\376\377\000M\000o\000n\000i\000t\000o\000r\000i\000n\000g\000\040\000a\000n\000d\000\040\000L\000o\000g\000g\000i\000n\000g\000\040\000S\000y\000s\000t\000e\000m}{subsection.6.2}% 30
\BOOKMARK [2][-]{subsection.6.3}{\376\377\000O\000t\000h\000e\000r\000\040\000K\000e\000y\000\040\000U\000s\000e\000\040\000C\000a\000s\000e\000s}{section.6}% 31
\BOOKMARK [1][-]{section.7}{\376\377\000D\000a\000t\000a\000\040\000R\000e\000q\000u\000i\000r\000e\000m\000e\000n\000t\000s}{}% 32
\BOOKMARK [2][-]{subsection.7.1}{\376\377\000D\000a\000t\000a\000\040\000E\000n\000t\000i\000t\000i\000e\000s}{section.7}% 33
\BOOKMARK [2][-]{subsection.7.2}{\376\377\000D\000a\000t\000a\000\040\000D\000i\000c\000t\000i\000o\000n\000a\000r\000y}{section.7}% 34
\BOOKMARK [2][-]{subsection.7.3}{\376\377\000D\000a\000t\000a\000\040\000F\000l\000o\000w}{section.7}% 35
\BOOKMARK [1][-]{section.8}{\376\377\000I\000n\000t\000e\000r\000f\000a\000c\000e\000\040\000R\000e\000q\000u\000i\000r\000e\000m\000e\000n\000t\000s}{}% 36
\BOOKMARK [2][-]{subsection.8.1}{\376\377\000S\000y\000s\000t\000e\000m\000\040\000G\000r\000o\000u\000p\000\040\000a\000n\000d\000\040\000O\000t\000h\000e\000r\000\040\000G\000r\000o\000u\000p\000s\000\040\000I\000n\000t\000e\000r\000f\000a\000c\000e\000\040\000O\000v\000e\000r\000v\000i\000e\000w}{section.8}% 37
\BOOKMARK [2][-]{subsection.8.2}{\376\377\000S\000y\000s\000t\000e\000m\000\040\000G\000r\000o\000u\000p\000\040\000a\000n\000d\000\040\000U\000I\000\040\000G\000r\000o\000u\000p\000\040\000I\000n\000t\000e\000r\000f\000a\000c\000e}{section.8}% 38
\BOOKMARK [3][-]{subsubsection.8.2.1}{\376\377\000A\000P\000I\000\040\000I\000n\000t\000e\000r\000f\000a\000c\000e\000\040\000S\000p\000e\000c\000i\000f\000i\000c\000a\000t\000i\000o\000n\000s}{subsection.8.2}% 39
\BOOKMARK [3][-]{subsubsection.8.2.2}{\376\377\000C\000o\000r\000e\000\040\000A\000P\000I\000\040\000I\000n\000t\000e\000r\000f\000a\000c\000e\000s}{subsection.8.2}% 40
\BOOKMARK [3][-]{subsubsection.8.2.3}{\376\377\000F\000r\000o\000n\000t\000e\000n\000d\000-\000B\000a\000c\000k\000e\000n\000d\000\040\000I\000n\000t\000e\000r\000a\000c\000t\000i\000o\000n\000\040\000P\000r\000o\000c\000e\000s\000s}{subsection.8.2}% 41
\BOOKMARK [2][-]{subsection.8.3}{\376\377\000S\000y\000s\000t\000e\000m\000\040\000G\000r\000o\000u\000p\000\040\000a\000n\000d\000\040\000D\000a\000t\000a\000\040\000G\000r\000o\000u\000p\000\040\000I\000n\000t\000e\000r\000f\000a\000c\000e}{section.8}% 42
\BOOKMARK [3][-]{subsubsection.8.3.1}{\376\377\000D\000a\000t\000a\000b\000a\000s\000e\000\040\000A\000c\000c\000e\000s\000s\000\040\000I\000n\000t\000e\000r\000f\000a\000c\000e}{subsection.8.3}% 43
\BOOKMARK [3][-]{subsubsection.8.3.2}{\376\377\000M\000a\000i\000n\000\040\000D\000a\000t\000a\000\040\000I\000n\000t\000e\000r\000a\000c\000t\000i\000o\000n\000\040\000S\000c\000e\000n\000a\000r\000i\000o\000s}{subsection.8.3}% 44
\BOOKMARK [3][-]{subsubsection.8.3.3}{\376\377\000R\000e\000s\000p\000o\000n\000s\000i\000b\000i\000l\000i\000t\000y\000\040\000D\000i\000v\000i\000s\000i\000o\000n}{subsection.8.3}% 45
\BOOKMARK [2][-]{subsection.8.4}{\376\377\000S\000y\000s\000t\000e\000m\000\040\000G\000r\000o\000u\000p\000\040\000a\000n\000d\000\040\000A\000n\000a\000l\000y\000s\000i\000s\000\040\000G\000r\000o\000u\000p\000\040\000I\000n\000t\000e\000r\000f\000a\000c\000e}{section.8}% 46
\BOOKMARK [3][-]{subsubsection.8.4.1}{\376\377\000D\000a\000t\000a\000\040\000A\000n\000a\000l\000y\000s\000i\000s\000\040\000A\000P\000I}{subsection.8.4}% 47
\BOOKMARK [3][-]{subsubsection.8.4.2}{\376\377\000M\000a\000i\000n\000\040\000I\000n\000t\000e\000r\000a\000c\000t\000i\000o\000n\000\040\000S\000c\000e\000n\000a\000r\000i\000o\000s}{subsection.8.4}% 48
\BOOKMARK [3][-]{subsubsection.8.4.3}{\376\377\000D\000a\000t\000a\000\040\000F\000o\000r\000m\000a\000t\000\040\000S\000p\000e\000c\000i\000f\000i\000c\000a\000t\000i\000o\000n\000s}{subsection.8.4}% 49
\BOOKMARK [2][-]{subsection.8.5}{\376\377\000C\000r\000o\000s\000s\000-\000g\000r\000o\000u\000p\000\040\000C\000o\000l\000l\000a\000b\000o\000r\000a\000t\000i\000o\000n\000\040\000I\000n\000t\000e\000r\000f\000a\000c\000e}{section.8}% 50
\BOOKMARK [3][-]{subsubsection.8.5.1}{\376\377\000N\000o\000t\000i\000f\000i\000c\000a\000t\000i\000o\000n\000\040\000a\000n\000d\000\040\000E\000v\000e\000n\000t\000\040\000S\000y\000s\000t\000e\000m}{subsection.8.5}% 51
\BOOKMARK [3][-]{subsubsection.8.5.2}{\376\377\000I\000n\000t\000e\000g\000r\000a\000t\000i\000o\000n\000\040\000T\000e\000s\000t\000\040\000I\000n\000t\000e\000r\000f\000a\000c\000e}{subsection.8.5}% 52
\BOOKMARK [2][-]{subsection.8.6}{\376\377\000I\000n\000t\000e\000r\000f\000a\000c\000e\000\040\000D\000o\000c\000u\000m\000e\000n\000t\000a\000t\000i\000o\000n\000\040\000a\000n\000d\000\040\000V\000e\000r\000s\000i\000o\000n\000\040\000M\000a\000n\000a\000g\000e\000m\000e\000n\000t}{section.8}% 53
\BOOKMARK [3][-]{subsubsection.8.6.1}{\376\377\000I\000n\000t\000e\000r\000f\000a\000c\000e\000\040\000D\000o\000c\000u\000m\000e\000n\000t\000a\000t\000i\000o\000n\000\040\000S\000p\000e\000c\000i\000f\000i\000c\000a\000t\000i\000o\000n\000s}{subsection.8.6}% 54
\BOOKMARK [3][-]{subsubsection.8.6.2}{\376\377\000I\000n\000t\000e\000r\000f\000a\000c\000e\000\040\000V\000e\000r\000s\000i\000o\000n\000\040\000M\000a\000n\000a\000g\000e\000m\000e\000n\000t}{subsection.8.6}% 55
\BOOKMARK [3][-]{subsubsection.8.6.3}{\376\377\000I\000n\000t\000e\000r\000f\000a\000c\000e\000\040\000C\000h\000a\000n\000g\000e\000\040\000M\000a\000n\000a\000g\000e\000m\000e\000n\000t}{subsection.8.6}% 56
\BOOKMARK [1][-]{section.9}{\376\377\000C\000o\000n\000s\000t\000r\000a\000i\000n\000t\000s\000\040\000a\000n\000d\000\040\000A\000s\000s\000u\000m\000p\000t\000i\000o\000n\000s}{}% 57
\BOOKMARK [2][-]{subsection.9.1}{\376\377\000T\000e\000c\000h\000n\000i\000c\000a\000l\000\040\000C\000o\000n\000s\000t\000r\000a\000i\000n\000t\000s}{section.9}% 58
\BOOKMARK [2][-]{subsection.9.2}{\376\377\000B\000u\000s\000i\000n\000e\000s\000s\000\040\000C\000o\000n\000s\000t\000r\000a\000i\000n\000t\000s}{section.9}% 59
\BOOKMARK [2][-]{subsection.9.3}{\376\377\000A\000s\000s\000u\000m\000p\000t\000i\000o\000n\000s}{section.9}% 60
\BOOKMARK [1][-]{section.10}{\376\377\000A\000c\000c\000e\000p\000t\000a\000n\000c\000e\000\040\000C\000r\000i\000t\000e\000r\000i\000a}{}% 61
\BOOKMARK [2][-]{subsection.10.1}{\376\377\000F\000u\000n\000c\000t\000i\000o\000n\000a\000l\000\040\000A\000c\000c\000e\000p\000t\000a\000n\000c\000e\000\040\000C\000r\000i\000t\000e\000r\000i\000a}{section.10}% 62
\BOOKMARK [2][-]{subsection.10.2}{\376\377\000N\000o\000n\000-\000f\000u\000n\000c\000t\000i\000o\000n\000a\000l\000\040\000A\000c\000c\000e\000p\000t\000a\000n\000c\000e\000\040\000C\000r\000i\000t\000e\000r\000i\000a}{section.10}% 63
\BOOKMARK [1][-]{section.11}{\376\377\000A\000p\000p\000e\000n\000d\000i\000x}{}% 64
\BOOKMARK [2][-]{subsection.11.1}{\376\377\000G\000l\000o\000s\000s\000a\000r\000y}{section.11}% 65
\BOOKMARK [2][-]{subsection.11.2}{\376\377\000U\000s\000e\000\040\000C\000a\000s\000e\000\040\000R\000e\000l\000a\000t\000i\000o\000n\000s\000h\000i\000p\000\040\000E\000x\000p\000l\000a\000n\000a\000t\000i\000o\000n}{section.11}% 66
\BOOKMARK [2][-]{subsection.11.3}{\376\377\000R\000e\000v\000i\000s\000i\000o\000n\000\040\000H\000i\000s\000t\000o\000r\000y}{section.11}% 67
