\BOOKMARK [1][-]{section.1}{\376\377\145\207\150\143\151\202\217\360}{}% 1
\BOOKMARK [2][-]{subsection.1.1}{\376\377\145\207\150\143\166\356\166\204}{section.1}% 2
\BOOKMARK [2][-]{subsection.1.2}{\376\377\230\171\166\356\200\314\146\157}{section.1}% 3
\BOOKMARK [2][-]{subsection.1.3}{\376\377\213\373\200\005\133\371\214\141}{section.1}% 4
\BOOKMARK [2][-]{subsection.1.4}{\376\377\123\302\200\003\145\207\163\056}{section.1}% 5
\BOOKMARK [1][-]{section.2}{\376\377\174\373\176\337\151\202\217\360}{}% 6
\BOOKMARK [2][-]{subsection.2.1}{\376\377\174\373\176\337\166\356\150\007}{section.2}% 7
\BOOKMARK [2][-]{subsection.2.2}{\376\377\174\373\176\337\203\003\126\364}{section.2}% 8
\BOOKMARK [2][-]{subsection.2.3}{\376\377\174\373\176\337\147\266\147\204\151\202\217\360}{section.2}% 9
\BOOKMARK [1][-]{section.3}{\376\377\165\050\142\067\227\000\154\102}{}% 10
\BOOKMARK [2][-]{subsection.3.1}{\376\377\165\050\142\067\211\322\202\162\133\232\116\111}{section.3}% 11
\BOOKMARK [2][-]{subsection.3.2}{\376\377\165\050\142\067\127\072\146\157}{section.3}% 12
\BOOKMARK [1][-]{section.4}{\376\377\122\237\200\375\227\000\154\102}{}% 13
\BOOKMARK [2][-]{subsection.4.1}{\376\377\000U\000I\176\304\122\237\200\375\227\000\154\102}{section.4}% 14
\BOOKMARK [2][-]{subsection.4.2}{\376\377\000S\000y\000s\000t\000e\000m\176\304\122\237\200\375\227\000\154\102}{section.4}% 15
\BOOKMARK [2][-]{subsection.4.3}{\376\377\000D\000a\000t\000a\176\304\122\237\200\375\227\000\154\102}{section.4}% 16
\BOOKMARK [2][-]{subsection.4.4}{\376\377\000A\000n\000a\000l\000y\000s\000i\000s\176\304\122\237\200\375\227\000\154\102}{section.4}% 17
\BOOKMARK [1][-]{section.5}{\376\377\227\136\122\237\200\375\227\000\154\102}{}% 18
\BOOKMARK [2][-]{subsection.5.1}{\376\377\140\047\200\375\227\000\154\102}{section.5}% 19
\BOOKMARK [2][-]{subsection.5.2}{\376\377\123\357\227\140\140\047\227\000\154\102}{section.5}% 20
\BOOKMARK [2][-]{subsection.5.3}{\376\377\133\211\121\150\227\000\154\102}{section.5}% 21
\BOOKMARK [2][-]{subsection.5.4}{\376\377\123\357\176\364\142\244\140\047\227\000\154\102}{section.5}% 22
\BOOKMARK [1][-]{section.6}{\376\377\165\050\117\213\122\006\147\220}{}% 23
\BOOKMARK [2][-]{subsection.6.1}{\376\377\174\373\176\337\176\304\165\050\117\213\140\073\211\310}{section.6}% 24
\BOOKMARK [2][-]{subsection.6.2}{\376\377\174\373\176\337\176\304\165\050\117\213\122\006\147\220}{section.6}% 25
\BOOKMARK [3][-]{subsubsection.6.2.1}{\376\377\147\204\136\372\220\350\177\162\155\101\172\013}{subsection.6.2}% 26
\BOOKMARK [3][-]{subsubsection.6.2.2}{\376\377\226\306\142\020\173\054\116\011\145\271\147\015\122\241}{subsection.6.2}% 27
\BOOKMARK [3][-]{subsubsection.6.2.3}{\376\377\123\117\124\014\137\000\123\321\145\160\143\156\136\223}{subsection.6.2}% 28
\BOOKMARK [3][-]{subsubsection.6.2.4}{\376\377\000A\000P\000I\213\276\213\241\116\016\133\236\163\260}{subsection.6.2}% 29
\BOOKMARK [3][-]{subsubsection.6.2.5}{\376\377\140\047\200\375\117\030\123\026}{subsection.6.2}% 30
\BOOKMARK [3][-]{subsubsection.6.2.6}{\376\377\133\211\121\150\117\335\226\234}{subsection.6.2}% 31
\BOOKMARK [3][-]{subsubsection.6.2.7}{\376\377\166\321\143\247\116\016\145\345\137\327\174\373\176\337}{subsection.6.2}% 32
\BOOKMARK [2][-]{subsection.6.3}{\376\377\121\166\116\326\121\163\225\056\165\050\117\213}{section.6}% 33
\BOOKMARK [1][-]{section.7}{\376\377\145\160\143\156\227\000\154\102}{}% 34
\BOOKMARK [2][-]{subsection.7.1}{\376\377\145\160\143\156\133\236\117\123}{section.7}% 35
\BOOKMARK [2][-]{subsection.7.2}{\376\377\145\160\143\156\133\127\121\170}{section.7}% 36
\BOOKMARK [2][-]{subsection.7.3}{\376\377\145\160\143\156\155\101}{section.7}% 37
\BOOKMARK [1][-]{section.8}{\376\377\143\245\123\343\227\000\154\102}{}% 38
\BOOKMARK [2][-]{subsection.8.1}{\376\377\000S\000y\000s\000t\000e\000m\176\304\116\016\121\166\116\326\176\304\143\245\123\343\151\202\217\360}{section.8}% 39
\BOOKMARK [2][-]{subsection.8.2}{\376\377\000S\000y\000s\000t\000e\000m\176\304\116\016\000U\000I\176\304\143\245\123\343}{section.8}% 40
\BOOKMARK [3][-]{subsubsection.8.2.1}{\376\377\000A\000P\000I\143\245\123\343\211\304\203\003}{subsection.8.2}% 41
\BOOKMARK [3][-]{subsubsection.8.2.2}{\376\377\150\070\137\303\000A\000P\000I\143\245\123\343}{subsection.8.2}% 42
\BOOKMARK [3][-]{subsubsection.8.2.3}{\376\377\122\115\124\016\172\357\116\244\116\222\155\101\172\013}{subsection.8.2}% 43
\BOOKMARK [2][-]{subsection.8.3}{\376\377\000S\000y\000s\000t\000e\000m\176\304\116\016\000D\000a\000t\000a\176\304\143\245\123\343}{section.8}% 44
\BOOKMARK [3][-]{subsubsection.8.3.1}{\376\377\145\160\143\156\136\223\213\277\225\356\143\245\123\343}{subsection.8.3}% 45
\BOOKMARK [3][-]{subsubsection.8.3.2}{\376\377\116\073\211\201\145\160\143\156\116\244\116\222\127\072\146\157}{subsection.8.3}% 46
\BOOKMARK [3][-]{subsubsection.8.3.3}{\376\377\200\114\215\043\122\006\135\345}{subsection.8.3}% 47
\BOOKMARK [2][-]{subsection.8.4}{\376\377\000S\000y\000s\000t\000e\000m\176\304\116\016\000A\000n\000a\000l\000y\000s\000i\000s\176\304\143\245\123\343}{section.8}% 48
\BOOKMARK [3][-]{subsubsection.8.4.1}{\376\377\145\160\143\156\122\006\147\220\000A\000P\000I}{subsection.8.4}% 49
\BOOKMARK [3][-]{subsubsection.8.4.2}{\376\377\116\073\211\201\116\244\116\222\127\072\146\157}{subsection.8.4}% 50
\BOOKMARK [3][-]{subsubsection.8.4.3}{\376\377\145\160\143\156\150\074\137\017\211\304\203\003}{subsection.8.4}% 51
\BOOKMARK [2][-]{subsection.8.5}{\376\377\215\350\176\304\123\117\117\134\143\245\123\343}{section.8}% 52
\BOOKMARK [3][-]{subsubsection.8.5.1}{\376\377\220\032\167\345\116\016\116\213\116\366\174\373\176\337}{subsection.8.5}% 53
\BOOKMARK [3][-]{subsubsection.8.5.2}{\376\377\226\306\142\020\155\113\213\325\143\245\123\343}{subsection.8.5}% 54
\BOOKMARK [2][-]{subsection.8.6}{\376\377\143\245\123\343\145\207\150\143\116\016\162\110\147\054\173\241\164\006}{section.8}% 55
\BOOKMARK [3][-]{subsubsection.8.6.1}{\376\377\143\245\123\343\145\207\150\143\211\304\203\003}{subsection.8.6}% 56
\BOOKMARK [3][-]{subsubsection.8.6.2}{\376\377\143\245\123\343\162\110\147\054\173\241\164\006}{subsection.8.6}% 57
\BOOKMARK [3][-]{subsubsection.8.6.3}{\376\377\143\245\123\343\123\330\146\364\173\241\164\006}{subsection.8.6}% 58
\BOOKMARK [1][-]{section.9}{\376\377\176\246\147\137\116\016\120\107\213\276}{}% 59
\BOOKMARK [2][-]{subsection.9.1}{\376\377\142\200\147\057\176\246\147\137}{section.9}% 60
\BOOKMARK [2][-]{subsection.9.2}{\376\377\116\032\122\241\176\246\147\137}{section.9}% 61
\BOOKMARK [2][-]{subsection.9.3}{\376\377\120\107\213\276\147\141\116\366}{section.9}% 62
\BOOKMARK [1][-]{section.10}{\376\377\232\214\145\066\150\007\121\306}{}% 63
\BOOKMARK [2][-]{subsection.10.1}{\376\377\122\237\200\375\232\214\145\066\150\007\121\306}{section.10}% 64
\BOOKMARK [2][-]{subsection.10.2}{\376\377\227\136\122\237\200\375\232\214\145\066\150\007\121\306}{section.10}% 65
\BOOKMARK [1][-]{section.11}{\376\377\226\104\137\125}{}% 66
\BOOKMARK [2][-]{subsection.11.1}{\376\377\147\057\213\355\210\150}{section.11}% 67
\BOOKMARK [2][-]{subsection.11.2}{\376\377\165\050\117\213\121\163\174\373\213\364\146\016}{section.11}% 68
\BOOKMARK [2][-]{subsection.11.3}{\376\377\117\356\213\242\123\206\123\362}{section.11}% 69
