\BOOKMARK [1][-]{section.1}{\376\377\145\207\150\143\151\202\217\360}{}% 1
\BOOKMARK [2][-]{subsection.1.1}{\376\377\145\207\150\143\166\356\166\204}{section.1}% 2
\BOOKMARK [2][-]{subsection.1.2}{\376\377\230\171\166\356\200\314\146\157}{section.1}% 3
\BOOKMARK [2][-]{subsection.1.3}{\376\377\213\373\200\005\133\371\214\141}{section.1}% 4
\BOOKMARK [1][-]{section.2}{\376\377\174\373\176\337\147\266\147\204\151\202\217\360}{}% 5
\BOOKMARK [1][-]{section.3}{\376\377\000U\000I\176\304\142\200\147\057\215\357\176\277}{}% 6
\BOOKMARK [2][-]{subsection.3.1}{\376\377\122\115\172\357\142\200\147\057\150\010}{section.3}% 7
\BOOKMARK [2][-]{subsection.3.2}{\376\377\122\115\172\357\122\237\200\375\133\236\163\260}{section.3}% 8
\BOOKMARK [1][-]{section.4}{\376\377\000S\000y\000s\000t\000e\000m\176\304\142\200\147\057\215\357\176\277}{}% 9
\BOOKMARK [2][-]{subsection.4.1}{\376\377\124\016\172\357\142\200\147\057\150\010}{section.4}% 10
\BOOKMARK [2][-]{subsection.4.2}{\376\377\174\373\176\337\122\237\200\375\133\236\163\260}{section.4}% 11
\BOOKMARK [1][-]{section.5}{\376\377\000D\000a\000t\000a\176\304\142\200\147\057\215\357\176\277}{}% 12
\BOOKMARK [2][-]{subsection.5.1}{\376\377\145\160\143\156\136\223\142\200\147\057\150\010}{section.5}% 13
\BOOKMARK [2][-]{subsection.5.2}{\376\377\145\160\143\156\122\237\200\375\133\236\163\260}{section.5}% 14
\BOOKMARK [1][-]{section.6}{\376\377\000A\000n\000a\000l\000y\000s\000i\000s\176\304\142\200\147\057\215\357\176\277}{}% 15
\BOOKMARK [2][-]{subsection.6.1}{\376\377\122\006\147\220\142\200\147\057\150\010}{section.6}% 16
\BOOKMARK [2][-]{subsection.6.2}{\376\377\122\006\147\220\122\237\200\375\133\236\163\260}{section.6}% 17
\BOOKMARK [1][-]{section.7}{\376\377\174\373\176\337\226\306\142\020\116\016\116\244\116\222}{}% 18
\BOOKMARK [2][-]{subsection.7.1}{\376\377\176\304\116\366\225\364\116\244\116\222}{section.7}% 19
\BOOKMARK [2][-]{subsection.7.2}{\376\377\145\160\143\156\155\101\172\013}{section.7}% 20
\BOOKMARK [1][-]{section.8}{\376\377\220\350\177\162\147\266\147\204}{}% 21
\BOOKMARK [2][-]{subsection.8.1}{\376\377\137\000\123\321\163\257\130\203}{section.8}% 22
\BOOKMARK [2][-]{subsection.8.2}{\376\377\165\037\116\247\163\257\130\203}{section.8}% 23
\BOOKMARK [1][-]{section.9}{\376\377\230\316\226\151\116\016\143\021\142\030}{}% 24
\BOOKMARK [2][-]{subsection.9.1}{\376\377\142\200\147\057\230\316\226\151}{section.9}% 25
\BOOKMARK [2][-]{subsection.9.2}{\376\377\136\224\133\371\173\126\165\145}{section.9}% 26
\BOOKMARK [1][-]{section.10}{\376\377\176\323\213\272}{}% 27
